<?xml version="1.0" encoding="UTF-8"?>
<testng-results ignored="0" total="4" passed="4" failed="0" skipped="0">
  <reporter-output>
  </reporter-output>
  <suite started-at="2026-07-27T10:07:57 IST" name="Ecommerce Automation Suite" finished-at="2026-07-27T10:08:21 IST" duration-ms="23266">
    <groups>
    </groups>
    <test started-at="2026-07-27T10:07:57 IST" name="Chrome Tests" finished-at="2026-07-27T10:08:21 IST" duration-ms="23266">
      <class name="com.ecommerce.automation.tests.AddToCartTest">
        <test-method is-config="true" signature="setUp()[pri:0, instance:com.ecommerce.automation.tests.AddToCartTest@638ef7ed]" started-at="2026-07-27T10:08:07 IST" name="setUp" finished-at="2026-07-27T10:08:08 IST" duration-ms="1294" status="PASS">
          <reporter-output>
          </reporter-output>
        </test-method> <!-- setUp -->
        <test-method signature="addProductToCart()[pri:0, instance:com.ecommerce.automation.tests.AddToCartTest@638ef7ed]" started-at="2026-07-27T10:08:08 IST" name="addProductToCart" finished-at="2026-07-27T10:08:13 IST" duration-ms="4647" status="PASS">
          <reporter-output>
          </reporter-output>
        </test-method> <!-- addProductToCart -->
        <test-method is-config="true" signature="tearDown()[pri:0, instance:com.ecommerce.automation.tests.AddToCartTest@638ef7ed]" started-at="2026-07-27T10:08:13 IST" name="tearDown" finished-at="2026-07-27T10:08:13 IST" duration-ms="224" status="PASS">
          <reporter-output>
          </reporter-output>
        </test-method> <!-- tearDown -->
      </class> <!-- com.ecommerce.automation.tests.AddToCartTest -->
      <class name="com.ecommerce.automation.tests.SearchProductTest">
        <test-method is-config="true" signature="setUp()[pri:0, instance:com.ecommerce.automation.tests.SearchProductTest@7283d3eb]" started-at="2026-07-27T10:08:01 IST" name="setUp" finished-at="2026-07-27T10:08:03 IST" duration-ms="2135" status="PASS">
          <reporter-output>
          </reporter-output>
        </test-method> <!-- setUp -->
        <test-method signature="searchProduct()[pri:0, instance:com.ecommerce.automation.tests.SearchProductTest@7283d3eb]" started-at="2026-07-27T10:08:03 IST" name="searchProduct" finished-at="2026-07-27T10:08:07 IST" duration-ms="3218" status="PASS">
          <reporter-output>
          </reporter-output>
        </test-method> <!-- searchProduct -->
        <test-method is-config="true" signature="tearDown()[pri:0, instance:com.ecommerce.automation.tests.SearchProductTest@7283d3eb]" started-at="2026-07-27T10:08:07 IST" name="tearDown" finished-at="2026-07-27T10:08:07 IST" duration-ms="202" status="PASS">
          <reporter-output>
          </reporter-output>
        </test-method> <!-- tearDown -->
      </class> <!-- com.ecommerce.automation.tests.SearchProductTest -->
      <class name="com.ecommerce.automation.tests.PlaceOrderTest">
        <test-method is-config="true" signature="setUp()[pri:0, instance:com.ecommerce.automation.tests.PlaceOrderTest@4bff7da0]" started-at="2026-07-27T10:08:13 IST" name="setUp" finished-at="2026-07-27T10:08:15 IST" duration-ms="1691" status="PASS">
          <reporter-output>
          </reporter-output>
        </test-method> <!-- setUp -->
        <test-method signature="placeOrder()[pri:0, instance:com.ecommerce.automation.tests.PlaceOrderTest@4bff7da0]" started-at="2026-07-27T10:08:15 IST" name="placeOrder" finished-at="2026-07-27T10:08:20 IST" duration-ms="5839" status="PASS">
          <reporter-output>
          </reporter-output>
        </test-method> <!-- placeOrder -->
        <test-method is-config="true" signature="tearDown()[pri:0, instance:com.ecommerce.automation.tests.PlaceOrderTest@4bff7da0]" started-at="2026-07-27T10:08:20 IST" name="tearDown" finished-at="2026-07-27T10:08:21 IST" duration-ms="213" status="PASS">
          <reporter-output>
          </reporter-output>
        </test-method> <!-- tearDown -->
      </class> <!-- com.ecommerce.automation.tests.PlaceOrderTest -->
      <class name="com.ecommerce.automation.tests.LoginTest">
        <test-method is-config="true" signature="setUp()[pri:0, instance:com.ecommerce.automation.tests.LoginTest@24959ca4]" started-at="2026-07-27T10:07:57 IST" name="setUp" finished-at="2026-07-27T10:08:00 IST" duration-ms="2507" status="PASS">
          <reporter-output>
          </reporter-output>
        </test-method> <!-- setUp -->
        <test-method signature="verifyValidLogin()[pri:0, instance:com.ecommerce.automation.tests.LoginTest@24959ca4]" started-at="2026-07-27T10:08:00 IST" name="verifyValidLogin" finished-at="2026-07-27T10:08:01 IST" duration-ms="1013" status="PASS">
          <reporter-output>
          </reporter-output>
        </test-method> <!-- verifyValidLogin -->
        <test-method is-config="true" signature="tearDown()[pri:0, instance:com.ecommerce.automation.tests.LoginTest@24959ca4]" started-at="2026-07-27T10:08:01 IST" name="tearDown" finished-at="2026-07-27T10:08:01 IST" duration-ms="230" status="PASS">
          <reporter-output>
          </reporter-output>
        </test-method> <!-- tearDown -->
      </class> <!-- com.ecommerce.automation.tests.LoginTest -->
    </test> <!-- Chrome Tests -->
  </suite> <!-- Ecommerce Automation Suite -->
</testng-results>
