<?xml version="1.0" encoding="UTF-8"?>
<!-- Generated by org.testng.reporters.JUnitXMLReporter -->
<testsuite ignored="0" hostname="DESKTOP-NE0HA48" failures="0" tests="4" name="Chrome Tests" time="23.266" errors="0" timestamp="2026-07-27T10:08:21 IST">
  <testcase classname="com.ecommerce.automation.tests.LoginTest" name="verifyValidLogin" time="1.013"/>
  <testcase classname="com.ecommerce.automation.tests.SearchProductTest" name="searchProduct" time="3.218"/>
  <testcase classname="com.ecommerce.automation.tests.AddToCartTest" name="addProductToCart" time="4.647"/>
  <testcase classname="com.ecommerce.automation.tests.PlaceOrderTest" name="placeOrder" time="5.839"/>
</testsuite> <!-- Chrome Tests -->
